[debug] [2023-11-28T06:20:28.188Z] ----------------------------------------------------------------------
[debug] [2023-11-28T06:20:28.191Z] Command:       C:\Program Files\nodejs\node.exe C:\Users\Ярослав\AppData\Roaming\npm\node_modules\firebase-tools\lib\bin\firebase.js deploy
[debug] [2023-11-28T06:20:28.192Z] CLI Version:   12.9.1
[debug] [2023-11-28T06:20:28.193Z] Platform:      win32
[debug] [2023-11-28T06:20:28.193Z] Node Version:  v18.18.2
[debug] [2023-11-28T06:20:28.195Z] Time:          Tue Nov 28 2023 12:20:28 GMT+0600 (Восточный Казахстан)
[debug] [2023-11-28T06:20:28.195Z] ----------------------------------------------------------------------
[debug] 
[debug] [2023-11-28T06:20:28.346Z] > command requires scopes: ["email","openid","https://www.googleapis.com/auth/cloudplatformprojects.readonly","https://www.googleapis.com/auth/firebase","https://www.googleapis.com/auth/cloud-platform"]
[debug] [2023-11-28T06:20:28.347Z] > authorizing via signed-in user (lobosrobotics@gmail.com)
[debug] [2023-11-28T06:20:28.347Z] [iam] checking project yandex-analytics-lobos for permissions ["cloudfunctions.functions.create","cloudfunctions.functions.delete","cloudfunctions.functions.get","cloudfunctions.functions.list","cloudfunctions.functions.update","cloudfunctions.operations.get","firebase.projects.get"]
[debug] [2023-11-28T06:20:28.350Z] > refreshing access token with scopes: []
[debug] [2023-11-28T06:20:28.353Z] >>> [apiv2][query] POST https://www.googleapis.com/oauth2/v3/token [none]
[debug] [2023-11-28T06:20:28.354Z] >>> [apiv2][body] POST https://www.googleapis.com/oauth2/v3/token [omitted]
[debug] [2023-11-28T06:20:28.858Z] <<< [apiv2][status] POST https://www.googleapis.com/oauth2/v3/token 200
[debug] [2023-11-28T06:20:28.858Z] <<< [apiv2][body] POST https://www.googleapis.com/oauth2/v3/token [omitted]
[debug] [2023-11-28T06:20:28.873Z] >>> [apiv2][query] POST https://cloudresourcemanager.googleapis.com/v1/projects/yandex-analytics-lobos:testIamPermissions [none]
[debug] [2023-11-28T06:20:28.873Z] >>> [apiv2][(partial)header] POST https://cloudresourcemanager.googleapis.com/v1/projects/yandex-analytics-lobos:testIamPermissions x-goog-quota-user=projects/yandex-analytics-lobos
[debug] [2023-11-28T06:20:28.874Z] >>> [apiv2][body] POST https://cloudresourcemanager.googleapis.com/v1/projects/yandex-analytics-lobos:testIamPermissions {"permissions":["cloudfunctions.functions.create","cloudfunctions.functions.delete","cloudfunctions.functions.get","cloudfunctions.functions.list","cloudfunctions.functions.update","cloudfunctions.operations.get","firebase.projects.get"]}
[debug] [2023-11-28T06:20:30.112Z] <<< [apiv2][status] POST https://cloudresourcemanager.googleapis.com/v1/projects/yandex-analytics-lobos:testIamPermissions 200
[debug] [2023-11-28T06:20:30.112Z] <<< [apiv2][body] POST https://cloudresourcemanager.googleapis.com/v1/projects/yandex-analytics-lobos:testIamPermissions {"permissions":["cloudfunctions.functions.create","cloudfunctions.functions.delete","cloudfunctions.functions.get","cloudfunctions.functions.list","cloudfunctions.functions.update","cloudfunctions.operations.get","firebase.projects.get"]}
[debug] [2023-11-28T06:20:30.113Z] >>> [apiv2][query] POST https://iam.googleapis.com/v1/projects/yandex-analytics-lobos/serviceAccounts/yandex-analytics-lobos@appspot.gserviceaccount.com:testIamPermissions [none]
[debug] [2023-11-28T06:20:30.113Z] >>> [apiv2][body] POST https://iam.googleapis.com/v1/projects/yandex-analytics-lobos/serviceAccounts/yandex-analytics-lobos@appspot.gserviceaccount.com:testIamPermissions {"permissions":["iam.serviceAccounts.actAs"]}
[debug] [2023-11-28T06:20:31.629Z] <<< [apiv2][status] POST https://iam.googleapis.com/v1/projects/yandex-analytics-lobos/serviceAccounts/yandex-analytics-lobos@appspot.gserviceaccount.com:testIamPermissions 200
[debug] [2023-11-28T06:20:31.629Z] <<< [apiv2][body] POST https://iam.googleapis.com/v1/projects/yandex-analytics-lobos/serviceAccounts/yandex-analytics-lobos@appspot.gserviceaccount.com:testIamPermissions {"permissions":["iam.serviceAccounts.actAs"]}
[info] 
[info] === Deploying to 'yandex-analytics-lobos'...
[info] 
[info] i  deploying functions 
[debug] [2023-11-28T06:20:31.636Z] >>> [apiv2][query] GET https://firebase.googleapis.com/v1beta1/projects/yandex-analytics-lobos [none]
[debug] [2023-11-28T06:20:32.346Z] <<< [apiv2][status] GET https://firebase.googleapis.com/v1beta1/projects/yandex-analytics-lobos 200
[debug] [2023-11-28T06:20:32.347Z] <<< [apiv2][body] GET https://firebase.googleapis.com/v1beta1/projects/yandex-analytics-lobos {"projectId":"yandex-analytics-lobos","projectNumber":"277049608986","displayName":"yandex-analytics-lobos","name":"projects/yandex-analytics-lobos","resources":{"hostingSite":"yandex-analytics-lobos"},"state":"ACTIVE","etag":"1_580a5263-a814-4dbf-968c-e4b9621b6036"}
[info] i  functions: preparing codebase default for deployment 
[info] i  functions: ensuring required API cloudfunctions.googleapis.com is enabled... 
[info] i  functions: ensuring required API cloudbuild.googleapis.com is enabled... 
[info] i  artifactregistry: ensuring required API artifactregistry.googleapis.com is enabled... 
[debug] [2023-11-28T06:20:32.350Z] >>> [apiv2][query] GET https://serviceusage.googleapis.com/v1/projects/yandex-analytics-lobos/services/cloudfunctions.googleapis.com [none]
[debug] [2023-11-28T06:20:32.350Z] >>> [apiv2][(partial)header] GET https://serviceusage.googleapis.com/v1/projects/yandex-analytics-lobos/services/cloudfunctions.googleapis.com x-goog-quota-user=projects/yandex-analytics-lobos
[debug] [2023-11-28T06:20:32.352Z] >>> [apiv2][query] GET https://serviceusage.googleapis.com/v1/projects/yandex-analytics-lobos/services/runtimeconfig.googleapis.com [none]
[debug] [2023-11-28T06:20:32.352Z] >>> [apiv2][(partial)header] GET https://serviceusage.googleapis.com/v1/projects/yandex-analytics-lobos/services/runtimeconfig.googleapis.com x-goog-quota-user=projects/yandex-analytics-lobos
[debug] [2023-11-28T06:20:32.354Z] >>> [apiv2][query] GET https://serviceusage.googleapis.com/v1/projects/yandex-analytics-lobos/services/cloudbuild.googleapis.com [none]
[debug] [2023-11-28T06:20:32.354Z] >>> [apiv2][(partial)header] GET https://serviceusage.googleapis.com/v1/projects/yandex-analytics-lobos/services/cloudbuild.googleapis.com x-goog-quota-user=projects/yandex-analytics-lobos
[debug] [2023-11-28T06:20:32.355Z] >>> [apiv2][query] GET https://serviceusage.googleapis.com/v1/projects/yandex-analytics-lobos/services/artifactregistry.googleapis.com [none]
[debug] [2023-11-28T06:20:32.356Z] >>> [apiv2][(partial)header] GET https://serviceusage.googleapis.com/v1/projects/yandex-analytics-lobos/services/artifactregistry.googleapis.com x-goog-quota-user=projects/yandex-analytics-lobos
[debug] [2023-11-28T06:20:33.680Z] <<< [apiv2][status] GET https://serviceusage.googleapis.com/v1/projects/yandex-analytics-lobos/services/runtimeconfig.googleapis.com 200
[debug] [2023-11-28T06:20:33.681Z] <<< [apiv2][body] GET https://serviceusage.googleapis.com/v1/projects/yandex-analytics-lobos/services/runtimeconfig.googleapis.com [omitted]
[debug] [2023-11-28T06:20:33.682Z] <<< [apiv2][status] GET https://serviceusage.googleapis.com/v1/projects/yandex-analytics-lobos/services/cloudbuild.googleapis.com 200
[debug] [2023-11-28T06:20:33.682Z] <<< [apiv2][body] GET https://serviceusage.googleapis.com/v1/projects/yandex-analytics-lobos/services/cloudbuild.googleapis.com [omitted]
[info] +  functions: required API cloudbuild.googleapis.com is enabled 
[debug] [2023-11-28T06:20:33.683Z] <<< [apiv2][status] GET https://serviceusage.googleapis.com/v1/projects/yandex-analytics-lobos/services/artifactregistry.googleapis.com 200
[debug] [2023-11-28T06:20:33.683Z] <<< [apiv2][body] GET https://serviceusage.googleapis.com/v1/projects/yandex-analytics-lobos/services/artifactregistry.googleapis.com [omitted]
[info] +  artifactregistry: required API artifactregistry.googleapis.com is enabled 
[debug] [2023-11-28T06:20:33.692Z] <<< [apiv2][status] GET https://serviceusage.googleapis.com/v1/projects/yandex-analytics-lobos/services/cloudfunctions.googleapis.com 200
[debug] [2023-11-28T06:20:33.692Z] <<< [apiv2][body] GET https://serviceusage.googleapis.com/v1/projects/yandex-analytics-lobos/services/cloudfunctions.googleapis.com [omitted]
[info] +  functions: required API cloudfunctions.googleapis.com is enabled 
[debug] [2023-11-28T06:20:33.693Z] >>> [apiv2][query] GET https://firebase.googleapis.com/v1beta1/projects/yandex-analytics-lobos/adminSdkConfig [none]
[debug] [2023-11-28T06:20:34.303Z] <<< [apiv2][status] GET https://firebase.googleapis.com/v1beta1/projects/yandex-analytics-lobos/adminSdkConfig 200
[debug] [2023-11-28T06:20:34.304Z] <<< [apiv2][body] GET https://firebase.googleapis.com/v1beta1/projects/yandex-analytics-lobos/adminSdkConfig {"projectId":"yandex-analytics-lobos","storageBucket":"yandex-analytics-lobos.appspot.com"}
[debug] [2023-11-28T06:20:34.305Z] >>> [apiv2][query] GET https://runtimeconfig.googleapis.com/v1beta1/projects/yandex-analytics-lobos/configs [none]
[debug] [2023-11-28T06:20:34.985Z] <<< [apiv2][status] GET https://runtimeconfig.googleapis.com/v1beta1/projects/yandex-analytics-lobos/configs 200
[debug] [2023-11-28T06:20:34.985Z] <<< [apiv2][body] GET https://runtimeconfig.googleapis.com/v1beta1/projects/yandex-analytics-lobos/configs {}
[debug] [2023-11-28T06:20:34.988Z] Validating nodejs source
[debug] [2023-11-28T06:20:37.696Z] > [functions] package.json contents: {
  "name": "functions",
  "description": "Cloud Functions for Firebase",
  "scripts": {
    "serve": "firebase emulators:start --only functions",
    "shell": "firebase functions:shell",
    "start": "npm run shell",
    "deploy": "firebase deploy --only functions",
    "logs": "firebase functions:log"
  },
  "engines": {
    "node": "18"
  },
  "main": "index.js",
  "dependencies": {
    "axios": "^1.6.2",
    "firebase-admin": "^11.11.1",
    "firebase-functions": "^4.3.1"
  },
  "devDependencies": {
    "firebase-functions-test": "^3.1.0"
  },
  "private": true
}
[debug] [2023-11-28T06:20:37.696Z] Building nodejs source
[info] i  functions: Loading and analyzing source code for codebase default to determine what to deploy 
[debug] [2023-11-28T06:20:37.698Z] Could not find functions.yaml. Must use http discovery
[debug] [2023-11-28T06:20:37.713Z] Found firebase-functions binary at 'C:\Users\Ярослав\Desktop\Yandex-analytics\functions\node_modules\.bin\firebase-functions'
[info] Serving at port 8980

[debug] [2023-11-28T06:20:38.732Z] Got response from /__/functions.yaml {"endpoints":{"saveAnalytics":{"platform":"gcfv1","availableMemoryMb":null,"timeoutSeconds":null,"minInstances":null,"maxInstances":null,"ingressSettings":null,"serviceAccountEmail":null,"vpc":null,"httpsTrigger":{},"entryPoint":"saveAnalytics"},"getAnalytics":{"platform":"gcfv1","availableMemoryMb":null,"timeoutSeconds":null,"minInstances":null,"maxInstances":null,"ingressSettings":null,"serviceAccountEmail":null,"vpc":null,"httpsTrigger":{},"entryPoint":"getAnalytics"},"GPT":{"platform":"gcfv1","availableMemoryMb":null,"timeoutSeconds":null,"minInstances":null,"maxInstances":null,"ingressSettings":null,"serviceAccountEmail":null,"vpc":null,"httpsTrigger":{},"entryPoint":"GPT"}},"specVersion":"v1alpha1","requiredAPIs":[]}
[info] i  functions: preparing functions directory for uploading... 
[info] i  functions: packaged C:\Users\Ярослав\Desktop\Yandex-analytics\functions (68.8 KB) for uploading 
[debug] [2023-11-28T06:20:38.843Z] >>> [apiv2][query] GET https://cloudfunctions.googleapis.com/v1/projects/yandex-analytics-lobos/locations/-/functions [none]
[debug] [2023-11-28T06:20:40.099Z] <<< [apiv2][status] GET https://cloudfunctions.googleapis.com/v1/projects/yandex-analytics-lobos/locations/-/functions 200
[debug] [2023-11-28T06:20:40.100Z] <<< [apiv2][body] GET https://cloudfunctions.googleapis.com/v1/projects/yandex-analytics-lobos/locations/-/functions {"functions":[{"name":"projects/yandex-analytics-lobos/locations/us-central1/functions/GPT","httpsTrigger":{"url":"https://us-central1-yandex-analytics-lobos.cloudfunctions.net/GPT","securityLevel":"SECURE_ALWAYS"},"status":"ACTIVE","entryPoint":"GPT","timeout":"60s","availableMemoryMb":256,"serviceAccountEmail":"yandex-analytics-lobos@appspot.gserviceaccount.com","updateTime":"2023-11-28T05:18:22.653Z","versionId":"13","labels":{"deployment-tool":"cli-firebase","firebase-functions-hash":"a134183e87e252dfc61c214da5835cad09d1073e"},"sourceUploadUrl":"https://storage.googleapis.com/uploads-63340475737.us-central1.cloudfunctions.appspot.com/a634ad6e-a483-4b1c-968c-92183ec92f78.zip","environmentVariables":{"FIREBASE_CONFIG":"{\"projectId\":\"yandex-analytics-lobos\",\"storageBucket\":\"yandex-analytics-lobos.appspot.com\"}","GCLOUD_PROJECT":"yandex-analytics-lobos","EVENTARC_CLOUD_EVENT_SOURCE":"projects/yandex-analytics-lobos/locations/us-central1/functions/GPT"},"runtime":"nodejs18","ingressSettings":"ALLOW_ALL","buildId":"6d43d0a3-f206-4a0b-b59c-9dedb81e6b32","buildEnvironmentVariables":{"GOOGLE_NODE_RUN_SCRIPTS":""},"buildName":"projects/277049608986/locations/us-central1/builds/6d43d0a3-f206-4a0b-b59c-9dedb81e6b32","dockerRegistry":"ARTIFACT_REGISTRY"},{"name":"projects/yandex-analytics-lobos/locations/us-central1/functions/helloWorld","httpsTrigger":{"url":"https://us-central1-yandex-analytics-lobos.cloudfunctions.net/helloWorld","securityLevel":"SECURE_ALWAYS"},"status":"ACTIVE","entryPoint":"helloWorld","timeout":"60s","availableMemoryMb":256,"serviceAccountEmail":"yandex-analytics-lobos@appspot.gserviceaccount.com","updateTime":"2023-11-28T05:18:15.415Z","versionId":"14","labels":{"deployment-tool":"cli-firebase","firebase-functions-hash":"a134183e87e252dfc61c214da5835cad09d1073e"},"sourceUploadUrl":"https://storage.googleapis.com/uploads-63340475737.us-central1.cloudfunctions.appspot.com/a634ad6e-a483-4b1c-968c-92183ec92f78.zip","environmentVariables":{"FIREBASE_CONFIG":"{\"projectId\":\"yandex-analytics-lobos\",\"storageBucket\":\"yandex-analytics-lobos.appspot.com\"}","GCLOUD_PROJECT":"yandex-analytics-lobos","EVENTARC_CLOUD_EVENT_SOURCE":"projects/yandex-analytics-lobos/locations/us-central1/functions/helloWorld"},"runtime":"nodejs18","ingressSettings":"ALLOW_ALL","buildId":"6d43d0a3-f206-4a0b-b59c-9dedb81e6b32","buildEnvironmentVariables":{"GOOGLE_NODE_RUN_SCRIPTS":""},"buildName":"projects/277049608986/locations/us-central1/builds/6d43d0a3-f206-4a0b-b59c-9dedb81e6b32","dockerRegistry":"ARTIFACT_REGISTRY"}]}
[debug] [2023-11-28T06:20:40.102Z] >>> [apiv2][query] GET https://cloudfunctions.googleapis.com/v2/projects/yandex-analytics-lobos/locations/-/functions filter=environment%3D%22GEN_2%22
[debug] [2023-11-28T06:20:41.663Z] <<< [apiv2][status] GET https://cloudfunctions.googleapis.com/v2/projects/yandex-analytics-lobos/locations/-/functions 200
[debug] [2023-11-28T06:20:41.663Z] <<< [apiv2][body] GET https://cloudfunctions.googleapis.com/v2/projects/yandex-analytics-lobos/locations/-/functions {}
[debug] [2023-11-28T06:20:41.669Z] >>> [apiv2][query] GET https://firebase.googleapis.com/v1beta1/projects/yandex-analytics-lobos [none]
[debug] [2023-11-28T06:20:42.222Z] <<< [apiv2][status] GET https://firebase.googleapis.com/v1beta1/projects/yandex-analytics-lobos 200
[debug] [2023-11-28T06:20:42.223Z] <<< [apiv2][body] GET https://firebase.googleapis.com/v1beta1/projects/yandex-analytics-lobos {"projectId":"yandex-analytics-lobos","projectNumber":"277049608986","displayName":"yandex-analytics-lobos","name":"projects/yandex-analytics-lobos","resources":{"hostingSite":"yandex-analytics-lobos"},"state":"ACTIVE","etag":"1_580a5263-a814-4dbf-968c-e4b9621b6036"}
[debug] [2023-11-28T06:20:42.224Z] [functions] found 2 new HTTP functions, testing setIamPolicy permission...
[debug] [2023-11-28T06:20:42.225Z] >>> [apiv2][query] POST https://cloudresourcemanager.googleapis.com/v1/projects/yandex-analytics-lobos:testIamPermissions [none]
[debug] [2023-11-28T06:20:42.225Z] >>> [apiv2][(partial)header] POST https://cloudresourcemanager.googleapis.com/v1/projects/yandex-analytics-lobos:testIamPermissions x-goog-quota-user=projects/yandex-analytics-lobos
[debug] [2023-11-28T06:20:42.225Z] >>> [apiv2][body] POST https://cloudresourcemanager.googleapis.com/v1/projects/yandex-analytics-lobos:testIamPermissions {"permissions":["cloudfunctions.functions.setIamPolicy"]}
[debug] [2023-11-28T06:20:43.304Z] <<< [apiv2][status] POST https://cloudresourcemanager.googleapis.com/v1/projects/yandex-analytics-lobos:testIamPermissions 200
[debug] [2023-11-28T06:20:43.304Z] <<< [apiv2][body] POST https://cloudresourcemanager.googleapis.com/v1/projects/yandex-analytics-lobos:testIamPermissions {"permissions":["cloudfunctions.functions.setIamPolicy"]}
[debug] [2023-11-28T06:20:43.305Z] [functions] found setIamPolicy permission, proceeding with deploy
[debug] [2023-11-28T06:20:43.306Z] >>> [apiv2][query] POST https://cloudfunctions.googleapis.com/v1/projects/yandex-analytics-lobos/locations/us-central1/functions:generateUploadUrl [none]
[debug] [2023-11-28T06:20:43.306Z] >>> [apiv2][body] POST https://cloudfunctions.googleapis.com/v1/projects/yandex-analytics-lobos/locations/us-central1/functions:generateUploadUrl {}
[debug] [2023-11-28T06:20:44.148Z] <<< [apiv2][status] POST https://cloudfunctions.googleapis.com/v1/projects/yandex-analytics-lobos/locations/us-central1/functions:generateUploadUrl 200
[debug] [2023-11-28T06:20:44.148Z] <<< [apiv2][body] POST https://cloudfunctions.googleapis.com/v1/projects/yandex-analytics-lobos/locations/us-central1/functions:generateUploadUrl {"uploadUrl":"https://storage.googleapis.com/uploads-63340475737.us-central1.cloudfunctions.appspot.com/7ca542fd-6c43-4ddd-9399-e88cd6428dc4.zip?GoogleAccessId=service-277049608986@gcf-admin-robot.iam.gserviceaccount.com&Expires=1701154245&Signature=I6pnO6K7E6ZeTFUAqwTQpAi1hDrt30hCsDSx8nYbdIQI98104raMJRxfQiB0L4fye3zjQCBB1C%2BU7nq51hhDbXOLwqgIL6AzMVUiEBPiU9fQol9ImcZbcM9yn2UKaacUc6uqPtBypzDjDf1BmADebq6Mi%2FHCae3nsITxuQOm7BATWMDIFSL%2Fpcn2TRAG9jj0Bm5JNYPlMN%2Bf%2FB5kvTdKr6VzHRfav8H9l0OSiq%2Bebfhw8meJjAqI%2F%2BCibp4IjCnjx58Y8UjzhsiHiLwFT2TixsfTycfSJa9lMqfwScER%2FhtJlUc8UJA02JYNlINC6%2FwDfLRXEGTs8uVBfrsu611OGg%3D%3D"}
[debug] [2023-11-28T06:20:44.150Z] >>> [apiv2][query] PUT https://storage.googleapis.com/uploads-63340475737.us-central1.cloudfunctions.appspot.com/7ca542fd-6c43-4ddd-9399-e88cd6428dc4.zip GoogleAccessId=service-277049608986%40gcf-admin-robot.iam.gserviceaccount.com&Expires=1701154245&Signature=I6pnO6K7E6ZeTFUAqwTQpAi1hDrt30hCsDSx8nYbdIQI98104raMJRxfQiB0L4fye3zjQCBB1C%2BU7nq51hhDbXOLwqgIL6AzMVUiEBPiU9fQol9ImcZbcM9yn2UKaacUc6uqPtBypzDjDf1BmADebq6Mi%2FHCae3nsITxuQOm7BATWMDIFSL%2Fpcn2TRAG9jj0Bm5JNYPlMN%2Bf%2FB5kvTdKr6VzHRfav8H9l0OSiq%2Bebfhw8meJjAqI%2F%2BCibp4IjCnjx58Y8UjzhsiHiLwFT2TixsfTycfSJa9lMqfwScER%2FhtJlUc8UJA02JYNlINC6%2FwDfLRXEGTs8uVBfrsu611OGg%3D%3D
[debug] [2023-11-28T06:20:44.150Z] >>> [apiv2][body] PUT https://storage.googleapis.com/uploads-63340475737.us-central1.cloudfunctions.appspot.com/7ca542fd-6c43-4ddd-9399-e88cd6428dc4.zip [stream]
[debug] [2023-11-28T06:20:46.108Z] <<< [apiv2][status] PUT https://storage.googleapis.com/uploads-63340475737.us-central1.cloudfunctions.appspot.com/7ca542fd-6c43-4ddd-9399-e88cd6428dc4.zip 200
[debug] [2023-11-28T06:20:46.109Z] <<< [apiv2][body] PUT https://storage.googleapis.com/uploads-63340475737.us-central1.cloudfunctions.appspot.com/7ca542fd-6c43-4ddd-9399-e88cd6428dc4.zip [omitted]
[info] +  functions: functions folder uploaded successfully 
[info] 
The following functions are found in your project but do not exist in your local source code:
	helloWorld(us-central1)

If you are renaming a function or changing its region, it is recommended that you create the new function first before deleting the old one to prevent event loss. For more info, visit https://firebase.google.com/docs/functions/manage-functions#modify

